<?xml version="1.0" encoding="UTF-8"?>
<!-- Generated by org.testng.reporters.JUnitReportReporter -->
<testsuite name="com.rajiv.restGui.RestApi" tests="1" time="5.241" ignored="0" failures="0" timestamp="03 Sep 2018 20:46:00 GMT" skipped="0" hostname="VAIO" errors="0">
  <testcase name="verify" time="5.241" classname="com.rajiv.restGui.RestApi"/>
</testsuite> <!-- com.rajiv.restGui.RestApi -->
