<?xml version="1.0" encoding="UTF-8"?>
<!-- Generated by org.testng.reporters.JUnitReportReporter -->
<testsuite name="com.rajiv.restGui.Gui" tests="1" time="54.001" ignored="0" failures="0" timestamp="03 Sep 2018 20:32:23 GMT" skipped="0" hostname="VAIO" errors="0">
  <testcase name="validate" time="54.001" classname="com.rajiv.restGui.Gui"/>
</testsuite> <!-- com.rajiv.restGui.Gui -->
